24-06-18 14:19:38:330 [background-preinit] INFO  o.h.validator.internal.util.Version - HV000001: Hibernate Validator 8.0.1.Final
24-06-18 14:19:38:401 [main] INFO  c.e.L.LoanManagementApplication - Starting LoanManagementApplication using Java 17.0.10 with PID 8440 (C:\Users\rahul.gla_spicemoney\OneDrive\Desktop\Springboot\LoanManagement\target\classes started by rahul.gla_spicemoney in C:\Users\rahul.gla_spicemoney\OneDrive\Desktop\Springboot\LoanManagement)
24-06-18 14:19:38:402 [main] INFO  c.e.L.LoanManagementApplication - No active profile set, falling back to 1 default profile: "default"
24-06-18 14:19:39:535 [main] INFO  o.s.d.r.c.RepositoryConfigurationDelegate - Bootstrapping Spring Data JPA repositories in DEFAULT mode.
24-06-18 14:19:39:833 [main] INFO  o.s.d.r.c.RepositoryConfigurationDelegate - Finished Spring Data repository scanning in 136 ms. Found 5 JPA repository interfaces.
24-06-18 14:19:40:559 [main] INFO  o.s.b.w.e.tomcat.TomcatWebServer - Tomcat initialized with port 8080 (http)
24-06-18 14:19:40:571 [main] INFO  o.a.coyote.http11.Http11NioProtocol - Initializing ProtocolHandler ["http-nio-8080"]
24-06-18 14:19:40:574 [main] INFO  o.a.catalina.core.StandardService - Starting service [Tomcat]
24-06-18 14:19:40:575 [main] INFO  o.a.catalina.core.StandardEngine - Starting Servlet engine: [Apache Tomcat/10.1.24]
24-06-18 14:19:40:701 [main] INFO  o.a.c.c.C.[Tomcat].[localhost].[/] - Initializing Spring embedded WebApplicationContext
24-06-18 14:19:40:702 [main] INFO  o.s.b.w.s.c.ServletWebServerApplicationContext - Root WebApplicationContext: initialization completed in 2253 ms
24-06-18 14:19:40:983 [main] INFO  o.h.jpa.internal.util.LogHelper - HHH000204: Processing PersistenceUnitInfo [name: default]
24-06-18 14:19:41:079 [main] INFO  org.hibernate.Version - HHH000412: Hibernate ORM core version 6.5.2.Final
24-06-18 14:19:41:121 [main] INFO  o.h.c.i.RegionFactoryInitiator - HHH000026: Second-level cache disabled
24-06-18 14:19:41:599 [main] INFO  o.s.o.j.p.SpringPersistenceUnitInfo - No LoadTimeWeaver setup: ignoring JPA class transformer
24-06-18 14:19:41:644 [main] INFO  com.zaxxer.hikari.HikariDataSource - HikariPool-1 - Starting...
24-06-18 14:19:42:059 [main] INFO  com.zaxxer.hikari.pool.HikariPool - HikariPool-1 - Added connection com.mysql.cj.jdbc.ConnectionImpl@42b4df5a
24-06-18 14:19:42:061 [main] INFO  com.zaxxer.hikari.HikariDataSource - HikariPool-1 - Start completed.
24-06-18 14:19:42:122 [main] WARN  org.hibernate.orm.deprecation - HHH90000025: MySQLDialect does not need to be specified explicitly using 'hibernate.dialect' (remove the property setting and it will be selected by default)
24-06-18 14:19:43:321 [main] INFO  o.h.e.t.j.p.i.JtaPlatformInitiator - HHH000489: No JTA platform available (set 'hibernate.transaction.jta.platform' to enable JTA platform integration)
24-06-18 14:19:43:409 [main] INFO  o.s.o.j.LocalContainerEntityManagerFactoryBean - Initialized JPA EntityManagerFactory for persistence unit 'default'
24-06-18 14:19:43:749 [main] INFO  o.s.d.j.r.query.QueryEnhancerFactory - Hibernate is in classpath; If applicable, HQL parser will be used.
24-06-18 14:19:44:571 [main] WARN  o.s.b.a.o.j.JpaBaseConfiguration$JpaWebConfiguration - spring.jpa.open-in-view is enabled by default. Therefore, database queries may be performed during view rendering. Explicitly configure spring.jpa.open-in-view to disable this warning
24-06-18 14:19:45:109 [main] INFO  o.a.coyote.http11.Http11NioProtocol - Starting ProtocolHandler ["http-nio-8080"]
24-06-18 14:19:45:163 [main] INFO  o.s.b.w.e.tomcat.TomcatWebServer - Tomcat started on port 8080 (http) with context path '/'
24-06-18 14:19:45:173 [main] INFO  c.e.L.LoanManagementApplication - Started LoanManagementApplication in 7.203 seconds (process running for 8.093)
24-06-18 14:19:51:922 [http-nio-8080-exec-1] INFO  o.a.c.c.C.[Tomcat].[localhost].[/] - Initializing Spring DispatcherServlet 'dispatcherServlet'
24-06-18 14:19:51:922 [http-nio-8080-exec-1] INFO  o.s.web.servlet.DispatcherServlet - Initializing Servlet 'dispatcherServlet'
24-06-18 14:19:51:935 [http-nio-8080-exec-1] INFO  o.s.web.servlet.DispatcherServlet - Completed initialization in 13 ms
24-06-18 14:21:16:753 [http-nio-8080-exec-5] WARN  o.a.c.util.SessionIdGeneratorBase - Creation of SecureRandom instance for session ID generation using [SHA1PRNG] took [240] milliseconds.
24-06-18 14:22:10:598 [SpringApplicationShutdownHook] INFO  o.s.o.j.LocalContainerEntityManagerFactoryBean - Closing JPA EntityManagerFactory for persistence unit 'default'
24-06-18 14:22:10:614 [SpringApplicationShutdownHook] INFO  com.zaxxer.hikari.HikariDataSource - HikariPool-1 - Shutdown initiated...
24-06-18 14:22:10:630 [SpringApplicationShutdownHook] INFO  com.zaxxer.hikari.HikariDataSource - HikariPool-1 - Shutdown completed.
24-06-18 21:04:12:801 [background-preinit] INFO  o.h.validator.internal.util.Version - HV000001: Hibernate Validator 8.0.1.Final
24-06-18 21:04:12:851 [main] INFO  c.e.L.LoanManagementApplication - Starting LoanManagementApplication using Java 17.0.10 with PID 10740 (C:\Users\rahul.gla_spicemoney\OneDrive\Desktop\Springboot\LoanManagement\target\classes started by rahul.gla_spicemoney in C:\Users\rahul.gla_spicemoney\OneDrive\Desktop\Springboot\LoanManagement)
24-06-18 21:04:12:851 [main] INFO  c.e.L.LoanManagementApplication - No active profile set, falling back to 1 default profile: "default"
24-06-18 21:04:13:961 [main] INFO  o.s.d.r.c.RepositoryConfigurationDelegate - Bootstrapping Spring Data JPA repositories in DEFAULT mode.
24-06-18 21:04:14:064 [main] INFO  o.s.d.r.c.RepositoryConfigurationDelegate - Finished Spring Data repository scanning in 90 ms. Found 5 JPA repository interfaces.
24-06-18 21:04:14:764 [main] INFO  o.s.b.w.e.tomcat.TomcatWebServer - Tomcat initialized with port 8080 (http)
24-06-18 21:04:14:780 [main] INFO  o.a.coyote.http11.Http11NioProtocol - Initializing ProtocolHandler ["http-nio-8080"]
24-06-18 21:04:14:780 [main] INFO  o.a.catalina.core.StandardService - Starting service [Tomcat]
24-06-18 21:04:14:780 [main] INFO  o.a.catalina.core.StandardEngine - Starting Servlet engine: [Apache Tomcat/10.1.24]
24-06-18 21:04:14:906 [main] INFO  o.a.c.c.C.[Tomcat].[localhost].[/] - Initializing Spring embedded WebApplicationContext
24-06-18 21:04:14:906 [main] INFO  o.s.b.w.s.c.ServletWebServerApplicationContext - Root WebApplicationContext: initialization completed in 1997 ms
24-06-18 21:04:15:107 [main] INFO  o.h.jpa.internal.util.LogHelper - HHH000204: Processing PersistenceUnitInfo [name: default]
24-06-18 21:04:15:187 [main] INFO  org.hibernate.Version - HHH000412: Hibernate ORM core version 6.5.2.Final
24-06-18 21:04:15:250 [main] INFO  o.h.c.i.RegionFactoryInitiator - HHH000026: Second-level cache disabled
24-06-18 21:04:15:696 [main] INFO  o.s.o.j.p.SpringPersistenceUnitInfo - No LoadTimeWeaver setup: ignoring JPA class transformer
24-06-18 21:04:15:728 [main] INFO  com.zaxxer.hikari.HikariDataSource - HikariPool-1 - Starting...
24-06-18 21:04:16:118 [main] INFO  com.zaxxer.hikari.pool.HikariPool - HikariPool-1 - Added connection com.mysql.cj.jdbc.ConnectionImpl@4f7bb8df
24-06-18 21:04:16:118 [main] INFO  com.zaxxer.hikari.HikariDataSource - HikariPool-1 - Start completed.
24-06-18 21:04:16:164 [main] WARN  org.hibernate.orm.deprecation - HHH90000025: MySQLDialect does not need to be specified explicitly using 'hibernate.dialect' (remove the property setting and it will be selected by default)
24-06-18 21:04:17:183 [main] INFO  o.h.e.t.j.p.i.JtaPlatformInitiator - HHH000489: No JTA platform available (set 'hibernate.transaction.jta.platform' to enable JTA platform integration)
24-06-18 21:04:17:249 [main] INFO  o.s.o.j.LocalContainerEntityManagerFactoryBean - Initialized JPA EntityManagerFactory for persistence unit 'default'
24-06-18 21:04:17:526 [main] INFO  o.s.d.j.r.query.QueryEnhancerFactory - Hibernate is in classpath; If applicable, HQL parser will be used.
24-06-18 21:04:18:128 [main] WARN  o.s.b.a.o.j.JpaBaseConfiguration$JpaWebConfiguration - spring.jpa.open-in-view is enabled by default. Therefore, database queries may be performed during view rendering. Explicitly configure spring.jpa.open-in-view to disable this warning
24-06-18 21:04:18:568 [main] INFO  o.a.coyote.http11.Http11NioProtocol - Starting ProtocolHandler ["http-nio-8080"]
24-06-18 21:04:18:600 [main] INFO  o.s.b.w.e.tomcat.TomcatWebServer - Tomcat started on port 8080 (http) with context path '/'
24-06-18 21:04:18:615 [main] INFO  c.e.L.LoanManagementApplication - Started LoanManagementApplication in 6.235 seconds (process running for 7.199)
24-06-18 21:04:20:829 [http-nio-8080-exec-1] INFO  o.a.c.c.C.[Tomcat].[localhost].[/] - Initializing Spring DispatcherServlet 'dispatcherServlet'
24-06-18 21:04:20:829 [http-nio-8080-exec-1] INFO  o.s.web.servlet.DispatcherServlet - Initializing Servlet 'dispatcherServlet'
24-06-18 21:04:20:829 [http-nio-8080-exec-1] INFO  o.s.web.servlet.DispatcherServlet - Completed initialization in 0 ms
